0 info it worked if it ends with ok
1 verbose cli [ '/home/rskendzic/.nvm/versions/node/v7.2.1/bin/node',
1 verbose cli   '/home/rskendzic/.nvm/versions/node/v7.2.1/bin/npm',
1 verbose cli   'run',
1 verbose cli   'nodemon',
1 verbose cli   '--watch',
1 verbose cli   'server',
1 verbose cli   'app.js' ]
2 info using npm@3.10.10
3 info using node@v7.2.1
4 verbose stack Error: missing script: nodemon
4 verbose stack     at run (/home/rskendzic/.nvm/versions/node/v7.2.1/lib/node_modules/npm/lib/run-script.js:151:19)
4 verbose stack     at /home/rskendzic/.nvm/versions/node/v7.2.1/lib/node_modules/npm/lib/run-script.js:61:5
4 verbose stack     at /home/rskendzic/.nvm/versions/node/v7.2.1/lib/node_modules/npm/node_modules/read-package-json/read-json.js:356:5
4 verbose stack     at checkBinReferences_ (/home/rskendzic/.nvm/versions/node/v7.2.1/lib/node_modules/npm/node_modules/read-package-json/read-json.js:320:45)
4 verbose stack     at final (/home/rskendzic/.nvm/versions/node/v7.2.1/lib/node_modules/npm/node_modules/read-package-json/read-json.js:354:3)
4 verbose stack     at then (/home/rskendzic/.nvm/versions/node/v7.2.1/lib/node_modules/npm/node_modules/read-package-json/read-json.js:124:5)
4 verbose stack     at /home/rskendzic/.nvm/versions/node/v7.2.1/lib/node_modules/npm/node_modules/read-package-json/read-json.js:311:12
4 verbose stack     at /home/rskendzic/.nvm/versions/node/v7.2.1/lib/node_modules/npm/node_modules/graceful-fs/graceful-fs.js:78:16
4 verbose stack     at tryToString (fs.js:425:3)
4 verbose stack     at FSReqWrap.readFileAfterClose [as oncomplete] (fs.js:412:12)
5 verbose cwd /home/rskendzic/magicmirror
6 error Linux 4.4.0-57-generic
7 error argv "/home/rskendzic/.nvm/versions/node/v7.2.1/bin/node" "/home/rskendzic/.nvm/versions/node/v7.2.1/bin/npm" "run" "nodemon" "--watch" "server" "app.js"
8 error node v7.2.1
9 error npm  v3.10.10
10 error missing script: nodemon
11 error If you need help, you may report this error at:
11 error     <https://github.com/npm/npm/issues>
12 verbose exit [ 1, true ]
